0 info it worked if it ends with ok
1 verbose cli [ 'C:\\Program Files\\nodejs\\node.exe',
1 verbose cli   'C:\\Program Files\\nodejs\\node_modules\\npm\\bin\\npm-cli.js',
1 verbose cli   'run',
1 verbose cli   'server' ]
2 info using npm@2.14.2
3 info using node@v4.0.0
4 verbose run-script [ 'preserver', 'server', 'postserver' ]
5 info preserver spotify-tvos-server@0.0.1
6 info server spotify-tvos-server@0.0.1
7 verbose unsafe-perm in lifecycle true
8 info spotify-tvos-server@0.0.1 Failed to exec server script
9 verbose stack Error: spotify-tvos-server@0.0.1 server: `serve --port 9001 .`
9 verbose stack Exit status 1
9 verbose stack     at EventEmitter.<anonymous> (C:\Program Files\nodejs\node_modules\npm\lib\utils\lifecycle.js:214:16)
9 verbose stack     at emitTwo (events.js:87:13)
9 verbose stack     at EventEmitter.emit (events.js:172:7)
9 verbose stack     at ChildProcess.<anonymous> (C:\Program Files\nodejs\node_modules\npm\lib\utils\spawn.js:24:14)
9 verbose stack     at emitTwo (events.js:87:13)
9 verbose stack     at ChildProcess.emit (events.js:172:7)
9 verbose stack     at maybeClose (internal/child_process.js:817:16)
9 verbose stack     at Process.ChildProcess._handle.onexit (internal/child_process.js:211:5)
10 verbose pkgid spotify-tvos-server@0.0.1
11 verbose cwd C:\Users\jerem\Documents\GitHub\Spotify-tvOs-server
12 error Windows_NT 10.0.10240
13 error argv "C:\\Program Files\\nodejs\\node.exe" "C:\\Program Files\\nodejs\\node_modules\\npm\\bin\\npm-cli.js" "run" "server"
14 error node v4.0.0
15 error npm  v2.14.2
16 error code ELIFECYCLE
17 error spotify-tvos-server@0.0.1 server: `serve --port 9001 .`
17 error Exit status 1
18 error Failed at the spotify-tvos-server@0.0.1 server script 'serve --port 9001 .'.
18 error This is most likely a problem with the spotify-tvos-server package,
18 error not with npm itself.
18 error Tell the author that this fails on your system:
18 error     serve --port 9001 .
18 error You can get their info via:
18 error     npm owner ls spotify-tvos-server
18 error There is likely additional logging output above.
19 verbose exit [ 1, true ]
